<?xml version="1.0" encoding="UTF-8"?>
<testsuite name="hu.kdea.szavazas.FullPipelineTest" tests="4" skipped="0" failures="4" errors="0" timestamp="2026-05-14T10:17:06" hostname="mag-Librem-15-v4" time="3.116">
  <properties/>
  <testcase name="testImage3" classname="hu.kdea.szavazas.FullPipelineTest" time="2.25">
    <failure message="java.lang.AssertionError: Unexpected X mark at [0, 0] in image3" type="java.lang.AssertionError">java.lang.AssertionError: Unexpected X mark at [0, 0] in image3
	at org.junit.Assert.fail(Assert.java:89)
	at org.junit.Assert.assertTrue(Assert.java:42)
	at org.junit.Assert.assertFalse(Assert.java:65)
	at hu.kdea.szavazas.FullPipelineTest$Companion.testSingleImage(FullPipelineTest.kt:111)
	at hu.kdea.szavazas.FullPipelineTest$Companion.access$testSingleImage(FullPipelineTest.kt:17)
	at hu.kdea.szavazas.FullPipelineTest.testImage3(FullPipelineTest.kt:120)
	at java.base/jdk.internal.reflect.DirectMethodHandleAccessor.invoke(Unknown Source)
	at java.base/java.lang.reflect.Method.invoke(Unknown Source)
	at org.junit.runners.model.FrameworkMethod$1.runReflectiveCall(FrameworkMethod.java:59)
	at org.junit.internal.runners.model.ReflectiveCallable.run(ReflectiveCallable.java:12)
	at org.junit.runners.model.FrameworkMethod.invokeExplosively(FrameworkMethod.java:56)
	at org.junit.internal.runners.statements.InvokeMethod.evaluate(InvokeMethod.java:17)
	at org.junit.runners.ParentRunner$3.evaluate(ParentRunner.java:306)
	at org.robolectric.RobolectricTestRunner$HelperTestRunner$1.evaluate(RobolectricTestRunner.java:588)
	at org.robolectric.internal.SandboxTestRunner$2.lambda$evaluate$2(SandboxTestRunner.java:290)
	at org.robolectric.internal.bytecode.Sandbox.lambda$runOnMainThread$0(Sandbox.java:101)
	at java.base/java.util.concurrent.FutureTask.run(Unknown Source)
	at java.base/java.util.concurrent.ThreadPoolExecutor.runWorker(Unknown Source)
	at java.base/java.util.concurrent.ThreadPoolExecutor$Worker.run(Unknown Source)
	at java.base/java.lang.Thread.run(Unknown Source)
</failure>
  </testcase>
  <testcase name="testImage4" classname="hu.kdea.szavazas.FullPipelineTest" time="0.219">
    <failure message="java.lang.AssertionError: Unexpected X mark at [0, 0] in image4" type="java.lang.AssertionError">java.lang.AssertionError: Unexpected X mark at [0, 0] in image4
	at org.junit.Assert.fail(Assert.java:89)
	at org.junit.Assert.assertTrue(Assert.java:42)
	at org.junit.Assert.assertFalse(Assert.java:65)
	at hu.kdea.szavazas.FullPipelineTest$Companion.testSingleImage(FullPipelineTest.kt:111)
	at hu.kdea.szavazas.FullPipelineTest$Companion.access$testSingleImage(FullPipelineTest.kt:17)
	at hu.kdea.szavazas.FullPipelineTest.testImage4(FullPipelineTest.kt:125)
	at java.base/jdk.internal.reflect.DirectMethodHandleAccessor.invoke(Unknown Source)
	at java.base/java.lang.reflect.Method.invoke(Unknown Source)
	at org.junit.runners.model.FrameworkMethod$1.runReflectiveCall(FrameworkMethod.java:59)
	at org.junit.internal.runners.model.ReflectiveCallable.run(ReflectiveCallable.java:12)
	at org.junit.runners.model.FrameworkMethod.invokeExplosively(FrameworkMethod.java:56)
	at org.junit.internal.runners.statements.InvokeMethod.evaluate(InvokeMethod.java:17)
	at org.junit.runners.ParentRunner$3.evaluate(ParentRunner.java:306)
	at org.robolectric.RobolectricTestRunner$HelperTestRunner$1.evaluate(RobolectricTestRunner.java:588)
	at org.robolectric.internal.SandboxTestRunner$2.lambda$evaluate$2(SandboxTestRunner.java:290)
	at org.robolectric.internal.bytecode.Sandbox.lambda$runOnMainThread$0(Sandbox.java:101)
	at java.base/java.util.concurrent.FutureTask.run(Unknown Source)
	at java.base/java.util.concurrent.ThreadPoolExecutor.runWorker(Unknown Source)
	at java.base/java.util.concurrent.ThreadPoolExecutor$Worker.run(Unknown Source)
	at java.base/java.lang.Thread.run(Unknown Source)
</failure>
  </testcase>
  <testcase name="testImage5" classname="hu.kdea.szavazas.FullPipelineTest" time="0.432">
    <failure message="java.lang.AssertionError: Unexpected X mark at [0, 0] in image5" type="java.lang.AssertionError">java.lang.AssertionError: Unexpected X mark at [0, 0] in image5
	at org.junit.Assert.fail(Assert.java:89)
	at org.junit.Assert.assertTrue(Assert.java:42)
	at org.junit.Assert.assertFalse(Assert.java:65)
	at hu.kdea.szavazas.FullPipelineTest$Companion.testSingleImage(FullPipelineTest.kt:111)
	at hu.kdea.szavazas.FullPipelineTest$Companion.access$testSingleImage(FullPipelineTest.kt:17)
	at hu.kdea.szavazas.FullPipelineTest.testImage5(FullPipelineTest.kt:130)
	at java.base/jdk.internal.reflect.DirectMethodHandleAccessor.invoke(Unknown Source)
	at java.base/java.lang.reflect.Method.invoke(Unknown Source)
	at org.junit.runners.model.FrameworkMethod$1.runReflectiveCall(FrameworkMethod.java:59)
	at org.junit.internal.runners.model.ReflectiveCallable.run(ReflectiveCallable.java:12)
	at org.junit.runners.model.FrameworkMethod.invokeExplosively(FrameworkMethod.java:56)
	at org.junit.internal.runners.statements.InvokeMethod.evaluate(InvokeMethod.java:17)
	at org.junit.runners.ParentRunner$3.evaluate(ParentRunner.java:306)
	at org.robolectric.RobolectricTestRunner$HelperTestRunner$1.evaluate(RobolectricTestRunner.java:588)
	at org.robolectric.internal.SandboxTestRunner$2.lambda$evaluate$2(SandboxTestRunner.java:290)
	at org.robolectric.internal.bytecode.Sandbox.lambda$runOnMainThread$0(Sandbox.java:101)
	at java.base/java.util.concurrent.FutureTask.run(Unknown Source)
	at java.base/java.util.concurrent.ThreadPoolExecutor.runWorker(Unknown Source)
	at java.base/java.util.concurrent.ThreadPoolExecutor$Worker.run(Unknown Source)
	at java.base/java.lang.Thread.run(Unknown Source)
</failure>
  </testcase>
  <testcase name="testImage6" classname="hu.kdea.szavazas.FullPipelineTest" time="0.214">
    <failure message="java.lang.AssertionError: Grid detection failed for image6" type="java.lang.AssertionError">java.lang.AssertionError: Grid detection failed for image6
	at org.junit.Assert.fail(Assert.java:89)
	at org.junit.Assert.assertTrue(Assert.java:42)
	at org.junit.Assert.assertFalse(Assert.java:65)
	at hu.kdea.szavazas.FullPipelineTest$Companion.testSingleImage(FullPipelineTest.kt:92)
	at hu.kdea.szavazas.FullPipelineTest$Companion.access$testSingleImage(FullPipelineTest.kt:17)
	at hu.kdea.szavazas.FullPipelineTest.testImage6(FullPipelineTest.kt:135)
	at java.base/jdk.internal.reflect.DirectMethodHandleAccessor.invoke(Unknown Source)
	at java.base/java.lang.reflect.Method.invoke(Unknown Source)
	at org.junit.runners.model.FrameworkMethod$1.runReflectiveCall(FrameworkMethod.java:59)
	at org.junit.internal.runners.model.ReflectiveCallable.run(ReflectiveCallable.java:12)
	at org.junit.runners.model.FrameworkMethod.invokeExplosively(FrameworkMethod.java:56)
	at org.junit.internal.runners.statements.InvokeMethod.evaluate(InvokeMethod.java:17)
	at org.junit.runners.ParentRunner$3.evaluate(ParentRunner.java:306)
	at org.robolectric.RobolectricTestRunner$HelperTestRunner$1.evaluate(RobolectricTestRunner.java:588)
	at org.robolectric.internal.SandboxTestRunner$2.lambda$evaluate$2(SandboxTestRunner.java:290)
	at org.robolectric.internal.bytecode.Sandbox.lambda$runOnMainThread$0(Sandbox.java:101)
	at java.base/java.util.concurrent.FutureTask.run(Unknown Source)
	at java.base/java.util.concurrent.ThreadPoolExecutor.runWorker(Unknown Source)
	at java.base/java.util.concurrent.ThreadPoolExecutor$Worker.run(Unknown Source)
	at java.base/java.lang.Thread.run(Unknown Source)
</failure>
  </testcase>
  <system-out><![CDATA[WARNING: No manifest file found at ./AndroidManifest.xml.
Falling back to the Android OS resources only.
To remove this warning, annotate your test class with @Config(manifest=Config.NONE).
BoofCV ready
GridDetector: Raw col peaks: [119, 122, 188, 192, 194, 501, 503, 576, 578, 692, 696, 698, 768, 770, 772], merged: [120, 191, 502, 577, 695, 770], pairs: [(502, 695), (577, 770)]
GridDetector: Raw row peaks: [20, 23, 88, 90, 91, 93, 140, 208, 210, 213, 256, 258, 260, 327, 330, 375, 379, 444, 447, 451, 489, 491, 495, 560, 562, 564, 611, 612, 680, 684], merged: [21, 90, 140, 210, 258, 328, 377, 447, 491, 562, 611, 682], pairs: [(21, 90), (140, 210), (258, 328), (377, 447), (491, 562), (611, 682)]
XDetector: Cell Rect(x=120, y=21, width=71, height=69): 159 branch point(s)
XDetector: Cell Rect(x=502, y=21, width=75, height=69): 197 branch point(s)
XDetector: Cell Rect(x=695, y=21, width=75, height=69): 169 branch point(s)
XDetector: Cell Rect(x=120, y=140, width=71, height=70): 96 branch point(s)
XDetector: Cell Rect(x=502, y=140, width=75, height=70): 192 branch point(s)
XDetector: Cell Rect(x=695, y=140, width=75, height=70): 134 branch point(s)
XDetector: Cell Rect(x=120, y=258, width=71, height=70): 61 branch point(s)
XDetector: Cell Rect(x=502, y=258, width=75, height=70): 213 branch point(s)
XDetector: Cell Rect(x=695, y=258, width=75, height=70): 97 branch point(s)
XDetector: Cell Rect(x=120, y=377, width=71, height=70): 21 branch point(s)
XDetector: Cell Rect(x=502, y=377, width=75, height=70): 191 branch point(s)
XDetector: Cell Rect(x=695, y=377, width=75, height=70): 155 branch point(s)
XDetector: Cell Rect(x=120, y=491, width=71, height=71): 178 branch point(s)
XDetector: Cell Rect(x=502, y=491, width=75, height=71): 321 branch point(s)
XDetector: Cell Rect(x=695, y=491, width=75, height=71): 272 branch point(s)
XDetector: Cell Rect(x=120, y=611, width=71, height=71): 66 branch point(s)
XDetector: Cell Rect(x=502, y=611, width=75, height=71): 178 branch point(s)
XDetector: Cell Rect(x=695, y=611, width=75, height=71): 145 branch point(s)
GridDetector: Raw col peaks: [114, 116, 189, 191, 493, 496, 568, 685, 687, 759, 761], merged: [115, 190, 494, 568, 686, 760], pairs: [(494, 686), (568, 760)]
GridDetector: Raw row peaks: [22, 25, 91, 93, 142, 212, 215, 258, 261, 263, 331, 333, 379, 382, 448, 497, 500, 568, 613, 615, 683, 687, 734, 802, 804, 806, 850, 854, 923, 925, 972, 1040, 1042, 1044], merged: [23, 92, 142, 213, 260, 332, 380, 448, 498, 568, 614, 685, 734, 804, 852, 924, 972, 1042], pairs: [(23, 92), (142, 213), (260, 332), (380, 448), (498, 568), (614, 685), (734, 804), (852, 924), (972, 1042)]
XDetector: Cell Rect(x=115, y=23, width=75, height=69): 302 branch point(s)
XDetector: Cell Rect(x=494, y=23, width=74, height=69): 161 branch point(s)
XDetector: Cell Rect(x=686, y=23, width=74, height=69): 147 branch point(s)
XDetector: Cell Rect(x=115, y=142, width=75, height=71): 316 branch point(s)
XDetector: Cell Rect(x=494, y=142, width=74, height=71): 159 branch point(s)
XDetector: Cell Rect(x=686, y=142, width=74, height=71): 156 branch point(s)
XDetector: Cell Rect(x=115, y=260, width=75, height=72): 309 branch point(s)
XDetector: Cell Rect(x=494, y=260, width=74, height=72): 213 branch point(s)
XDetector: Cell Rect(x=686, y=260, width=74, height=72): 218 branch point(s)
XDetector: Cell Rect(x=115, y=380, width=75, height=68): 139 branch point(s)
XDetector: Cell Rect(x=494, y=380, width=74, height=68): 89 branch point(s)
XDetector: Cell Rect(x=686, y=380, width=74, height=68): 79 branch point(s)
XDetector: Cell Rect(x=115, y=498, width=75, height=70): 208 branch point(s)
XDetector: Cell Rect(x=494, y=498, width=74, height=70): 69 branch point(s)
XDetector: Cell Rect(x=686, y=498, width=74, height=70): 83 branch point(s)
XDetector: Cell Rect(x=115, y=614, width=75, height=71): 222 branch point(s)
XDetector: Cell Rect(x=494, y=614, width=74, height=71): 197 branch point(s)
XDetector: Cell Rect(x=686, y=614, width=74, height=71): 236 branch point(s)
XDetector: Cell Rect(x=115, y=734, width=75, height=70): 258 branch point(s)
XDetector: Cell Rect(x=494, y=734, width=74, height=70): 85 branch point(s)
XDetector: Cell Rect(x=686, y=734, width=74, height=70): 152 branch point(s)
XDetector: Cell Rect(x=115, y=852, width=75, height=72): 366 branch point(s)
XDetector: Cell Rect(x=494, y=852, width=74, height=72): 199 branch point(s)
XDetector: Cell Rect(x=686, y=852, width=74, height=72): 233 branch point(s)
XDetector: Cell Rect(x=115, y=972, width=75, height=70): 309 branch point(s)
XDetector: Cell Rect(x=494, y=972, width=74, height=70): 180 branch point(s)
XDetector: Cell Rect(x=686, y=972, width=74, height=70): 220 branch point(s)
GridDetector: Raw col peaks: [90, 92, 164, 168, 170, 314, 317, 394, 429, 431, 504, 506, 542, 618, 620, 653, 655, 729, 733, 767, 845], merged: [91, 167, 315, 394, 430, 505, 542, 619, 654, 731, 767, 845], pairs: [(91, 167), (315, 394), (430, 505), (542, 619), (654, 731), (767, 845)]
GridDetector: Raw row peaks: [24, 27, 96, 100, 149, 220, 224, 272, 275, 344, 346, 349, 395, 397, 468, 471, 520, 523, 592, 594, 595, 596, 640, 643, 719, 767, 840, 843, 892, 962, 964, 966, 1016, 1088, 1091], merged: [25, 98, 149, 222, 273, 346, 396, 469, 521, 594, 641, 719, 767, 841, 892, 964, 1016, 1089], pairs: [(25, 98), (149, 222), (273, 346), (396, 469), (521, 594), (641, 719), (767, 841), (892, 964), (1016, 1089)]
XDetector: Cell Rect(x=91, y=25, width=76, height=73): 104 branch point(s)
XDetector: Cell Rect(x=315, y=25, width=79, height=73): 263 branch point(s)
XDetector: Cell Rect(x=430, y=25, width=75, height=73): 53 branch point(s)
XDetector: Cell Rect(x=542, y=25, width=77, height=73): 82 branch point(s)
XDetector: Cell Rect(x=654, y=25, width=77, height=73): 131 branch point(s)
XDetector: Cell Rect(x=767, y=25, width=78, height=73): 236 branch point(s)
XDetector: Cell Rect(x=91, y=149, width=76, height=73): 121 branch point(s)
XDetector: Cell Rect(x=315, y=149, width=79, height=73): 253 branch point(s)
XDetector: Cell Rect(x=430, y=149, width=75, height=73): 55 branch point(s)
XDetector: Cell Rect(x=542, y=149, width=77, height=73): 87 branch point(s)
XDetector: Cell Rect(x=654, y=149, width=77, height=73): 75 branch point(s)
XDetector: Cell Rect(x=767, y=149, width=78, height=73): 188 branch point(s)
XDetector: Cell Rect(x=91, y=273, width=76, height=73): 38 branch point(s)
XDetector: Cell Rect(x=315, y=273, width=79, height=73): 186 branch point(s)
XDetector: Cell Rect(x=430, y=273, width=75, height=73): 63 branch point(s)
XDetector: Cell Rect(x=542, y=273, width=77, height=73): 140 branch point(s)
XDetector: Cell Rect(x=654, y=273, width=77, height=73): 63 branch point(s)
XDetector: Cell Rect(x=767, y=273, width=78, height=73): 153 branch point(s)
XDetector: Cell Rect(x=91, y=396, width=76, height=73): 73 branch point(s)
XDetector: Cell Rect(x=315, y=396, width=79, height=73): 179 branch point(s)
XDetector: Cell Rect(x=430, y=396, width=75, height=73): 78 branch point(s)
XDetector: Cell Rect(x=542, y=396, width=77, height=73): 194 branch point(s)
XDetector: Cell Rect(x=654, y=396, width=77, height=73): 137 branch point(s)
XDetector: Cell Rect(x=767, y=396, width=78, height=73): 211 branch point(s)
XDetector: Cell Rect(x=91, y=521, width=76, height=73): 79 branch point(s)
XDetector: Cell Rect(x=315, y=521, width=79, height=73): 230 branch point(s)
XDetector: Cell Rect(x=430, y=521, width=75, height=73): 107 branch point(s)
XDetector: Cell Rect(x=542, y=521, width=77, height=73): 138 branch point(s)
XDetector: Cell Rect(x=654, y=521, width=77, height=73): 61 branch point(s)
XDetector: Cell Rect(x=767, y=521, width=78, height=73): 143 branch point(s)
XDetector: Cell Rect(x=91, y=641, width=76, height=78): 301 branch point(s)
XDetector: Cell Rect(x=315, y=641, width=79, height=78): 453 branch point(s)
XDetector: Cell Rect(x=430, y=641, width=75, height=78): 308 branch point(s)
XDetector: Cell Rect(x=542, y=641, width=77, height=78): 403 branch point(s)
XDetector: Cell Rect(x=654, y=641, width=77, height=78): 329 branch point(s)
XDetector: Cell Rect(x=767, y=641, width=78, height=78): 418 branch point(s)
XDetector: Cell Rect(x=91, y=767, width=76, height=74): 169 branch point(s)
XDetector: Cell Rect(x=315, y=767, width=79, height=74): 247 branch point(s)
XDetector: Cell Rect(x=430, y=767, width=75, height=74): 49 branch point(s)
XDetector: Cell Rect(x=542, y=767, width=77, height=74): 107 branch point(s)
XDetector: Cell Rect(x=654, y=767, width=77, height=74): 119 branch point(s)
XDetector: Cell Rect(x=767, y=767, width=78, height=74): 250 branch point(s)
XDetector: Cell Rect(x=91, y=892, width=76, height=72): 192 branch point(s)
XDetector: Cell Rect(x=315, y=892, width=79, height=72): 175 branch point(s)
XDetector: Cell Rect(x=430, y=892, width=75, height=72): 12 branch point(s)
XDetector: Cell Rect(x=542, y=892, width=77, height=72): 19 branch point(s)
XDetector: Cell Rect(x=654, y=892, width=77, height=72): 123 branch point(s)
XDetector: Cell Rect(x=767, y=892, width=78, height=72): 194 branch point(s)
XDetector: Cell Rect(x=91, y=1016, width=76, height=73): 226 branch point(s)
XDetector: Cell Rect(x=315, y=1016, width=79, height=73): 198 branch point(s)
XDetector: Cell Rect(x=430, y=1016, width=75, height=73): 11 branch point(s)
XDetector: Cell Rect(x=542, y=1016, width=77, height=73): 71 branch point(s)
XDetector: Cell Rect(x=654, y=1016, width=77, height=73): 161 branch point(s)
XDetector: Cell Rect(x=767, y=1016, width=78, height=73): 221 branch point(s)
GridDetector: Raw col peaks: [116, 118, 123, 190, 193, 195, 197, 508, 511, 513, 515, 584, 585, 586, 587, 588, 589, 590, 591, 704, 709, 710, 713, 782, 785, 788], merged: [117, 123, 193, 511, 587, 704, 710, 785], pairs: [(511, 704), (587, 710)]
GridDetector: Raw row peaks: [8, 10, 12, 377, 379, 381, 383], merged: [10, 380], pairs: []
GridDetection: Final grid validation failed
]]></system-out>
  <system-err><![CDATA[No such manifest file: ./AndroidManifest.xml
]]></system-err>
</testsuite>
