<?xml version='1.0' encoding='UTF-8' ?>
<testsuite name="hu.kdea.szavazas.BallotDetectionTest" tests="1" failures="1" errors="0" skipped="0" time="2.413" timestamp="2026-05-12T10:37:09" hostname="localhost">
  <properties>
    <property name="device" value="S75 - 12" />
    <property name="flavor" value="" />
    <property name="project" value=":app" />
  </properties>
  <testcase name="runAllTests" classname="hu.kdea.szavazas.BallotDetectionTest" time="0.015">
    <failure>java.io.FileNotFoundException: test_images/test_ballot_001.jpg
at android.content.res.AssetManager.nativeOpenAsset(Native Method)
at android.content.res.AssetManager.open(AssetManager.java:885)
at android.content.res.AssetManager.open(AssetManager.java:862)
at hu.kdea.szavazas.BallotDetectionTest.runAllTests(BallotDetectionTest.kt:37)
</failure>
  </testcase>
</testsuite>